Arguments: 
  /usr/local/bin/node /usr/local/Cellar/yarn/1.22.0/libexec/bin/yarn.js install --production --ignore-optional --silent

PATH: 
  /usr/local/bin:/usr/bin:/bin:/usr/sbin:/sbin:/Library/TeX/texbin:/Library/Apple/usr/bin:/Users/Zkp/.rvm/bin

Yarn version: 
  1.22.0

Node version: 
  15.12.0

Platform: 
  darwin x64

Trace: 
  Error: https://registry.yarnpkg.com/hexo: tunneling socket could not be established, cause=getaddrinfo ENOTFOUND proxyserver
      at ClientRequest.onError (/usr/local/Cellar/yarn/1.22.0/libexec/lib/cli.js:152213:17)
      at Object.onceWrapper (node:events:476:26)
      at ClientRequest.emit (node:events:369:20)
      at Socket.socketErrorListener (node:_http_client:462:9)
      at Socket.emit (node:events:369:20)
      at emitErrorNT (node:internal/streams/destroy:188:8)
      at emitErrorCloseNT (node:internal/streams/destroy:153:3)
      at processTicksAndRejections (node:internal/process/task_queues:81:21)

npm manifest: 
  {
    "name": "hexo-site",
    "version": "0.0.0",
    "private": true,
    "scripts": {
      "build": "hexo generate",
      "clean": "hexo clean",
      "deploy": "hexo deploy",
      "server": "hexo server"
    },
    "hexo": {
      "version": ""
    },
    "dependencies": {
      "hexo": "^5.0.0",
      "hexo-generator-archive": "^1.0.0",
      "hexo-generator-category": "^1.0.0",
      "hexo-generator-index": "^2.0.0",
      "hexo-generator-tag": "^1.0.0",
      "hexo-renderer-ejs": "^1.0.0",
      "hexo-renderer-marked": "^4.0.0",
      "hexo-renderer-stylus": "^2.0.0",
      "hexo-server": "^2.0.0",
      "hexo-theme-landscape": "^0.0.3"
    }
  }

yarn manifest: 
  No manifest

Lockfile: 
  No lockfile
